2022-11-13 14:43:25,484 INFO o.a.j.u.JMeterUtils: Setting Locale to en_EN
2022-11-13 14:43:25,515 INFO o.a.j.JMeter: Loading user properties from: C:\JMeter\apache-jmeter-5.5\bin\user.properties
2022-11-13 14:43:25,515 INFO o.a.j.JMeter: Loading system properties from: C:\JMeter\apache-jmeter-5.5\bin\system.properties
2022-11-13 14:43:25,531 INFO o.a.j.JMeter: Copyright (c) 1998-2022 The Apache Software Foundation
2022-11-13 14:43:25,531 INFO o.a.j.JMeter: Version 5.5
2022-11-13 14:43:25,531 INFO o.a.j.JMeter: java.version=1.8.0_351
2022-11-13 14:43:25,547 INFO o.a.j.JMeter: java.vm.name=Java HotSpot(TM) Client VM
2022-11-13 14:43:25,547 INFO o.a.j.JMeter: os.name=Windows 10
2022-11-13 14:43:25,547 INFO o.a.j.JMeter: os.arch=x86
2022-11-13 14:43:25,547 INFO o.a.j.JMeter: os.version=10.0
2022-11-13 14:43:25,547 INFO o.a.j.JMeter: file.encoding=Cp1252
2022-11-13 14:43:25,547 INFO o.a.j.JMeter: java.awt.headless=null
2022-11-13 14:43:25,547 INFO o.a.j.JMeter: Max memory     =1073741824
2022-11-13 14:43:25,547 INFO o.a.j.JMeter: Available Processors =8
2022-11-13 14:43:25,562 INFO o.a.j.JMeter: Default Locale=English (EN)
2022-11-13 14:43:25,562 INFO o.a.j.JMeter: JMeter  Locale=English (EN)
2022-11-13 14:43:25,562 INFO o.a.j.JMeter: JMeterHome=C:\JMeter\apache-jmeter-5.5
2022-11-13 14:43:25,562 INFO o.a.j.JMeter: user.dir  =C:\SEBI\_github\endava
2022-11-13 14:43:25,562 INFO o.a.j.JMeter: PWD       =C:\SEBI\_github\endava
2022-11-13 14:43:25,568 INFO o.a.j.JMeter: IP: 192.168.1.7 Name: EPROBUCW00F1 FullName: EPROBUCW00F1
2022-11-13 14:43:25,626 INFO o.a.j.JMeter: Loaded icon properties from org/apache/jmeter/images/icon.properties
2022-11-13 14:43:26,052 INFO o.a.j.JMeterGuiLauncher: Setting LAF to: com.github.weisj.darklaf.DarkLaf:com.github.weisj.darklaf.theme.DarculaTheme
2022-11-13 14:43:28,956 INFO o.j.r.JARSourceHTTP: Requesting https://jmeter-plugins.org/repo/?installID=windows_10-d28797d04f25e6c4e5fbca29d5063914-gui
2022-11-13 14:43:29,970 INFO o.a.j.JMeterGuiLauncher: Loading file: endavav3.jmx
2022-11-13 14:43:29,979 INFO o.a.j.s.FileServer: Default base='C:\SEBI\_github\endava'
2022-11-13 14:43:29,984 INFO o.a.j.s.FileServer: Set new base='C:\SEBI\_github\endava'
2022-11-13 14:43:30,344 INFO o.a.j.s.SaveService: Testplan (JMX) version: 2.2. Testlog (JTL) version: 2.2
2022-11-13 14:43:30,365 INFO o.a.j.s.SaveService: Using SaveService properties file encoding UTF-8
2022-11-13 14:43:30,365 INFO o.a.j.s.SaveService: Using SaveService properties version 5.0
2022-11-13 14:43:30,378 INFO o.a.j.s.SaveService: Loading file: endavav3.jmx
2022-11-13 14:43:30,595 INFO o.a.j.p.h.s.HTTPSamplerBase: Parser for text/html is org.apache.jmeter.protocol.http.parser.LagartoBasedHtmlParser
2022-11-13 14:43:30,595 INFO o.a.j.p.h.s.HTTPSamplerBase: Parser for application/xhtml+xml is org.apache.jmeter.protocol.http.parser.LagartoBasedHtmlParser
2022-11-13 14:43:30,595 INFO o.a.j.p.h.s.HTTPSamplerBase: Parser for application/xml is org.apache.jmeter.protocol.http.parser.LagartoBasedHtmlParser
2022-11-13 14:43:30,595 INFO o.a.j.p.h.s.HTTPSamplerBase: Parser for text/xml is org.apache.jmeter.protocol.http.parser.LagartoBasedHtmlParser
2022-11-13 14:43:30,595 INFO o.a.j.p.h.s.HTTPSamplerBase: Parser for text/vnd.wap.wml is org.apache.jmeter.protocol.http.parser.RegexpHTMLParser
2022-11-13 14:43:30,595 INFO o.a.j.p.h.s.HTTPSamplerBase: Parser for text/css is org.apache.jmeter.protocol.http.parser.CssParser
2022-11-13 14:43:30,703 INFO o.a.j.s.FileServer: Set new base='C:\SEBI\_github\endava'
2022-11-13 14:43:31,242 INFO o.a.j.s.SampleResult: Note: Sample TimeStamps are START times
2022-11-13 14:43:31,242 INFO o.a.j.s.SampleResult: sampleresult.default.encoding is set to ISO-8859-1
2022-11-13 14:43:31,242 INFO o.a.j.s.SampleResult: sampleresult.useNanoTime=true
2022-11-13 14:43:31,242 INFO o.a.j.s.SampleResult: sampleresult.nanoThreadSleep=5000
2022-11-13 14:43:32,414 INFO o.j.r.PluginManager: Plugins Status: [jpgc-dummy=0.4, jpgc-plugins-manager=1.8, bzm-random-csv=0.8, jmeter-core=5.5, jmeter-ftp=5.5, jmeter-http=5.5, jmeter-jdbc=5.5, jmeter-jms=5.5, jmeter-junit=5.5, jmeter-java=5.5, jmeter-ldap=5.5, jmeter-mail=5.5, jmeter-mongodb=5.5, jmeter-native=5.5, jmeter-tcp=5.5, jmeter-components=5.5]
2022-11-13 14:44:17,556 INFO o.a.j.e.StandardJMeterEngine: Running the test!
2022-11-13 14:44:17,556 INFO o.a.j.s.SampleEvent: List of sample_variables: []
2022-11-13 14:44:17,556 INFO o.a.j.s.SampleEvent: List of sample_variables: []
2022-11-13 14:44:17,556 INFO o.a.j.e.u.CompoundVariable: Note: Function class names must contain the string: '.functions.'
2022-11-13 14:44:17,556 INFO o.a.j.e.u.CompoundVariable: Note: Function class names must not contain the string: '.gui.'
2022-11-13 14:44:17,840 INFO o.a.j.g.u.JMeterMenuBar: setRunning(true, *local*)
2022-11-13 14:44:17,941 INFO o.a.j.e.StandardJMeterEngine: Starting ThreadGroup: 1 : scraper
2022-11-13 14:44:17,941 INFO o.a.j.e.StandardJMeterEngine: Starting 1 threads for group scraper.
2022-11-13 14:44:17,941 INFO o.a.j.e.StandardJMeterEngine: Thread will continue on error
2022-11-13 14:44:17,941 INFO o.a.j.t.ThreadGroup: Starting thread group... number=1 threads=1 ramp-up=1 delayedStart=false
2022-11-13 14:44:17,962 INFO o.a.j.t.ThreadGroup: Started thread group number 1
2022-11-13 14:44:17,962 INFO o.a.j.e.StandardJMeterEngine: All thread groups have been started
2022-11-13 14:44:17,967 INFO o.a.j.t.JMeterThread: Thread started: scraper 1-1
2022-11-13 14:44:17,981 INFO o.a.j.p.h.s.HTTPHCAbstractImpl: Local host = EPROBUCW00F1
2022-11-13 14:44:17,992 INFO o.a.j.p.h.s.HTTPHC4Impl: HTTP request retry count = 0
2022-11-13 14:44:18,194 INFO o.a.j.p.h.s.h.LazyLayeredConnectionSocketFactory: Setting up HTTPS TrustAll Socket Factory
2022-11-13 14:44:18,206 INFO o.a.j.u.JsseSSLManager: Using default SSL protocol: TLS
2022-11-13 14:44:18,206 INFO o.a.j.u.JsseSSLManager: SSL session context: per-thread
2022-11-13 14:44:18,254 INFO o.a.j.u.SSLManager: JmeterKeyStore Location:  type JKS
2022-11-13 14:44:18,254 INFO o.a.j.u.SSLManager: KeyStore created OK
2022-11-13 14:44:18,254 WARN o.a.j.u.SSLManager: Keystore file not found, loading empty keystore
2022-11-13 14:44:20,949 INFO o.a.j.t.JMeterThread: Thread is done: scraper 1-1
2022-11-13 14:44:20,949 INFO o.a.j.t.JMeterThread: Thread finished: scraper 1-1
2022-11-13 14:44:20,949 INFO o.a.j.e.StandardJMeterEngine: Notifying test listeners of end of test
2022-11-13 14:44:20,964 INFO o.a.j.g.u.JMeterMenuBar: setRunning(false, *local*)
